[ERROR] 2022-04-25 15:06:59.288 [Thread-0] ServerSocketHandler - ERROR: column "pmid" does not exist
  Hint: Perhaps you meant to reference the column "pm.id".
  Position: 16
org.postgresql.util.PSQLException: ERROR: column "pmid" does not exist
  Hint: Perhaps you meant to reference the column "pm.id".
  Position: 16
	at org.postgresql.core.v3.QueryExecutorImpl.receiveErrorResponse(QueryExecutorImpl.java:2675) ~[postgresql-42.3.3.jar:?]
	at org.postgresql.core.v3.QueryExecutorImpl.processResults(QueryExecutorImpl.java:2365) ~[postgresql-42.3.3.jar:?]
	at org.postgresql.core.v3.QueryExecutorImpl.execute(QueryExecutorImpl.java:355) ~[postgresql-42.3.3.jar:?]
	at org.postgresql.jdbc.PgStatement.executeInternal(PgStatement.java:490) ~[postgresql-42.3.3.jar:?]
	at org.postgresql.jdbc.PgStatement.execute(PgStatement.java:408) ~[postgresql-42.3.3.jar:?]
	at org.postgresql.jdbc.PgPreparedStatement.executeWithFlags(PgPreparedStatement.java:166) ~[postgresql-42.3.3.jar:?]
	at org.postgresql.jdbc.PgPreparedStatement.executeQuery(PgPreparedStatement.java:118) ~[postgresql-42.3.3.jar:?]
	at JDBC.ImportData.saveDataOnExit(ImportData.java:444) ~[classes/:?]
	at com.messcode.server.networking.ServerSocketHandler.run(ServerSocketHandler.java:139) [classes/:?]
	at java.lang.Thread.run(Thread.java:829) [?:?]
[ERROR] 2022-04-25 15:10:07.893 [Thread-0] ServerSocketHandler - ERROR: operator does not exist: timestamp without time zone = character varying
  Hint: No operator matches the given name and argument types. You might need to add explicit type casts.
  Position: 234
org.postgresql.util.PSQLException: ERROR: operator does not exist: timestamp without time zone = character varying
  Hint: No operator matches the given name and argument types. You might need to add explicit type casts.
  Position: 234
	at org.postgresql.core.v3.QueryExecutorImpl.receiveErrorResponse(QueryExecutorImpl.java:2675) ~[postgresql-42.3.3.jar:?]
	at org.postgresql.core.v3.QueryExecutorImpl.processResults(QueryExecutorImpl.java:2365) ~[postgresql-42.3.3.jar:?]
	at org.postgresql.core.v3.QueryExecutorImpl.execute(QueryExecutorImpl.java:355) ~[postgresql-42.3.3.jar:?]
	at org.postgresql.jdbc.PgStatement.executeInternal(PgStatement.java:490) ~[postgresql-42.3.3.jar:?]
	at org.postgresql.jdbc.PgStatement.execute(PgStatement.java:408) ~[postgresql-42.3.3.jar:?]
	at org.postgresql.jdbc.PgPreparedStatement.executeWithFlags(PgPreparedStatement.java:166) ~[postgresql-42.3.3.jar:?]
	at org.postgresql.jdbc.PgPreparedStatement.executeQuery(PgPreparedStatement.java:118) ~[postgresql-42.3.3.jar:?]
	at JDBC.ImportData.saveDataOnExit(ImportData.java:372) ~[classes/:?]
	at com.messcode.server.networking.ServerSocketHandler.run(ServerSocketHandler.java:139) [classes/:?]
	at java.lang.Thread.run(Thread.java:829) [?:?]
[ERROR] 2022-04-25 15:30:23.918 [Thread-0] ServerSocketHandler - ERROR: syntax error at or near "o"
  Position: 67
org.postgresql.util.PSQLException: ERROR: syntax error at or near "o"
  Position: 67
	at org.postgresql.core.v3.QueryExecutorImpl.receiveErrorResponse(QueryExecutorImpl.java:2675) ~[postgresql-42.3.3.jar:?]
	at org.postgresql.core.v3.QueryExecutorImpl.processResults(QueryExecutorImpl.java:2365) ~[postgresql-42.3.3.jar:?]
	at org.postgresql.core.v3.QueryExecutorImpl.execute(QueryExecutorImpl.java:355) ~[postgresql-42.3.3.jar:?]
	at org.postgresql.jdbc.PgStatement.executeInternal(PgStatement.java:490) ~[postgresql-42.3.3.jar:?]
	at org.postgresql.jdbc.PgStatement.execute(PgStatement.java:408) ~[postgresql-42.3.3.jar:?]
	at org.postgresql.jdbc.PgPreparedStatement.executeWithFlags(PgPreparedStatement.java:166) ~[postgresql-42.3.3.jar:?]
	at org.postgresql.jdbc.PgPreparedStatement.executeUpdate(PgPreparedStatement.java:134) ~[postgresql-42.3.3.jar:?]
	at JDBC.ImportData.saveDataOnExit(ImportData.java:400) ~[classes/:?]
	at com.messcode.server.networking.ServerSocketHandler.run(ServerSocketHandler.java:139) [classes/:?]
	at java.lang.Thread.run(Thread.java:829) [?:?]
